<?xml version="1.0" encoding="UTF-8"?>
<testng-results skipped="0" failed="0" total="1" passed="1">
  <reporter-output>
  </reporter-output>
  <suite name="Default suite" duration-ms="4162" started-at="2016-08-18T06:28:17Z" finished-at="2016-08-18T06:28:21Z">
    <groups>
    </groups>
    <test name="Default test" duration-ms="4162" started-at="2016-08-18T06:28:17Z" finished-at="2016-08-18T06:28:21Z">
      <class name="com.cts.jenkins.Sample">
        <test-method status="PASS" signature="testMethod()[pri:0, instance:com.cts.jenkins.Sample@39aeed2f]" name="testMethod" duration-ms="4136" started-at="2016-08-18T11:58:17Z" finished-at="2016-08-18T11:58:21Z">
          <reporter-output>
          </reporter-output>
        </test-method> <!-- testMethod -->
      </class> <!-- com.cts.jenkins.Sample -->
    </test> <!-- Default test -->
  </suite> <!-- Default suite -->
</testng-results>
