<?xml version="1.0" encoding="UTF-8"?>
<testng-results skipped="0" failed="0" total="1" passed="1">
  <reporter-output>
  </reporter-output>
  <suite name="Default suite" duration-ms="12172" started-at="2016-08-24T08:47:42Z" finished-at="2016-08-24T08:47:54Z">
    <groups>
    </groups>
    <test name="Default test" duration-ms="12172" started-at="2016-08-24T08:47:42Z" finished-at="2016-08-24T08:47:54Z">
      <class name="com.cts.jenkins.Sample">
        <test-method status="PASS" signature="setUp()[pri:0, instance:com.cts.jenkins.Sample@5622fdf]" name="setUp" is-config="true" duration-ms="8421" started-at="2016-08-24T14:17:42Z" finished-at="2016-08-24T14:17:51Z">
          <reporter-output>
          </reporter-output>
        </test-method> <!-- setUp -->
        <test-method status="PASS" signature="testMethod()[pri:0, instance:com.cts.jenkins.Sample@5622fdf]" name="testMethod" duration-ms="2573" started-at="2016-08-24T14:17:51Z" finished-at="2016-08-24T14:17:53Z">
          <reporter-output>
          </reporter-output>
        </test-method> <!-- testMethod -->
        <test-method status="PASS" signature="tearDown()[pri:0, instance:com.cts.jenkins.Sample@5622fdf]" name="tearDown" is-config="true" duration-ms="1135" started-at="2016-08-24T14:17:53Z" finished-at="2016-08-24T14:17:54Z">
          <reporter-output>
          </reporter-output>
        </test-method> <!-- tearDown -->
      </class> <!-- com.cts.jenkins.Sample -->
    </test> <!-- Default test -->
  </suite> <!-- Default suite -->
</testng-results>
